[2025-11-20 04:43:04.813 +01:00 INF] Services.HeartbeatListenerService: HeartbeatListenerService starting with 60s timeout
[2025-11-20 04:43:05.422 +01:00 INF] Services.ApplicationsService: Finding servers by condition: _ => True
[2025-11-20 04:43:05.533 +01:00 INF] Services.WatchtowerBootstrapService: WatchtowerBootstrapService is starting.
[2025-11-20 04:43:05.545 +01:00 INF] Services.ApplicationConfigurationSyncService: Starting server synchronization from flat configuration
[2025-11-20 04:43:05.583 +01:00 INF] Services.JsonFileReader: Reading file from //D12.tes.local/AFS/MCS/DEV/env/config/environment-flat.json
[2025-11-20 04:43:06.625 +01:00 INF] Services.HostConfigurationSyncService: Starting host synchronization from flat configuration
[2025-11-20 04:43:06.627 +01:00 INF] Services.JsonFileReader: Reading file from //D12.tes.local/AFS/MCS/DEV/env/config/environment-flat.json
[2025-11-20 04:43:06.723 +01:00 INF] Services.ApplicationsService: Found 21 servers by condition (21 with serverStatus, 0 without serverStatus)
[2025-11-20 04:43:06.724 +01:00 INF] Services.HeartbeatListenerService: Initializing heartbeat monitoring for 21 servers
[2025-11-20 04:43:06.728 +01:00 INF] Services.HeartbeatListenerService: Started monitoring server AppServices;base at "2025-11-20T03:43:06.7256335+00:00" - timeout at "2025-11-20T03:44:06.7256335+00:00"
[2025-11-20 04:43:06.730 +01:00 INF] Services.HeartbeatListenerService: Started monitoring server DTCODEVAHAW;TrayportMarketDataEgm at "2025-11-20T03:43:06.7304788+00:00" - timeout at "2025-11-20T03:44:06.7304788+00:00"
[2025-11-20 04:43:06.732 +01:00 INF] Services.HeartbeatListenerService: Started monitoring server DTCODEVMCSAMGW;TradingTechnologiesEgm at "2025-11-20T03:43:06.7319824+00:00" - timeout at "2025-11-20T03:44:06.7319824+00:00"
[2025-11-20 04:43:06.732 +01:00 INF] Services.HeartbeatListenerService: Started monitoring server DTCODEVMCSAZAW;scr at "2025-11-20T03:43:06.7329018+00:00" - timeout at "2025-11-20T03:44:06.7329018+00:00"
[2025-11-20 04:43:06.733 +01:00 INF] Services.HeartbeatListenerService: Started monitoring server DTCODEVMCSAZAW;scr-prodlike at "2025-11-20T03:43:06.7336425+00:00" - timeout at "2025-11-20T03:44:06.7336425+00:00"
[2025-11-20 04:43:06.734 +01:00 INF] Services.HeartbeatListenerService: Started monitoring server DTCODEVMCSHGNW;TradeReceptionComparer at "2025-11-20T03:43:06.7344258+00:00" - timeout at "2025-11-20T03:44:06.7344258+00:00"
[2025-11-20 04:43:06.735 +01:00 INF] Services.HeartbeatListenerService: Started monitoring server DTCODEVMCSHGNW;TrayportEgmMarketData at "2025-11-20T03:43:06.7353918+00:00" - timeout at "2025-11-20T03:44:06.7353918+00:00"
[2025-11-20 04:43:06.887 +01:00 INF] Services.ApplicationConfigurationSyncService: Applications to update: 21, servers to insert: 0
[2025-11-20 04:43:06.997 +01:00 INF] Services.HeartbeatListenerService: Started monitoring server DTCODEVMCSHGNW;TrayportEgmOrderPassing at "2025-11-20T03:43:06.9977923+00:00" - timeout at "2025-11-20T03:44:06.9977923+00:00"
[2025-11-20 04:43:06.999 +01:00 INF] Services.HeartbeatListenerService: Started monitoring server DTCODEVMCSHGNW;TrayportEgmRecorder at "2025-11-20T03:43:06.9994536+00:00" - timeout at "2025-11-20T03:44:06.9994536+00:00"
[2025-11-20 04:43:06.999 +01:00 INF] Services.HostConfigurationSyncService: Hosts to update: 15, hosts to insert: 0
[2025-11-20 04:43:07.000 +01:00 INF] Services.HeartbeatListenerService: Started monitoring server DTCODEVMCSMELW;TrayportMarketDataEgm at "2025-11-20T03:43:07.0003685+00:00" - timeout at "2025-11-20T03:44:07.0003685+00:00"
[2025-11-20 04:43:07.002 +01:00 INF] Services.HeartbeatListenerService: Started monitoring server DTCODEVMCSMON1W;WatchtowerAPI at "2025-11-20T03:43:07.0023282+00:00" - timeout at "2025-11-20T03:44:07.0023282+00:00"
[2025-11-20 04:43:07.004 +01:00 INF] Services.HeartbeatListenerService: Started monitoring server DTCODEVMCSMON1W;WatchtowerWebApi at "2025-11-20T03:43:07.0038176+00:00" - timeout at "2025-11-20T03:44:07.0038176+00:00"
[2025-11-20 04:43:07.005 +01:00 INF] Services.HeartbeatListenerService: Started monitoring server DTCODEVMCSNB1W;Feedchecker-nightly at "2025-11-20T03:43:07.0054599+00:00" - timeout at "2025-11-20T03:44:07.0054599+00:00"
[2025-11-20 04:43:07.006 +01:00 INF] Services.HeartbeatListenerService: Started monitoring server DTCODEVMCSNB1W;TrayportMarketDataEgm at "2025-11-20T03:43:07.0066366+00:00" - timeout at "2025-11-20T03:44:07.0066366+00:00"
[2025-11-20 04:43:07.015 +01:00 INF] Services.HeartbeatListenerService: Started monitoring server DTCODEVMCSNB2W;TrayportRecorderEgm at "2025-11-20T03:43:07.0158122+00:00" - timeout at "2025-11-20T03:44:07.0158122+00:00"
[2025-11-20 04:43:07.017 +01:00 INF] Services.HeartbeatListenerService: Started monitoring server DTCODEVMCSNB3W;TrayportOrderPassingEgm at "2025-11-20T03:43:07.0171244+00:00" - timeout at "2025-11-20T03:44:07.0171244+00:00"
[2025-11-20 04:43:07.018 +01:00 INF] Services.HeartbeatListenerService: Started monitoring server mcs-authorization-dev;authorization at "2025-11-20T03:43:07.0182107+00:00" - timeout at "2025-11-20T03:44:07.0182107+00:00"
[2025-11-20 04:43:07.019 +01:00 INF] Services.HeartbeatListenerService: Started monitoring server mcs-historization-dev;historization at "2025-11-20T03:43:07.0190890+00:00" - timeout at "2025-11-20T03:44:07.0190890+00:00"
[2025-11-20 04:43:07.020 +01:00 INF] Services.HeartbeatListenerService: Started monitoring server mcs-marketdata-dev;marketdata at "2025-11-20T03:43:07.0200538+00:00" - timeout at "2025-11-20T03:44:07.0200538+00:00"
[2025-11-20 04:43:07.021 +01:00 INF] Services.HeartbeatListenerService: Started monitoring server mcs-pluto-dev;pluto at "2025-11-20T03:43:07.0210334+00:00" - timeout at "2025-11-20T03:44:07.0210334+00:00"
[2025-11-20 04:43:07.022 +01:00 INF] Services.HeartbeatListenerService: Started monitoring server mcs-profiles-dev;profiles at "2025-11-20T03:43:07.0221783+00:00" - timeout at "2025-11-20T03:44:07.0221783+00:00"
[2025-11-20 04:43:07.080 +01:00 WRN] Microsoft.AspNetCore.Application.Kestrel: Overriding address(es) 'https://localhost:9443, http://localhost:9090'. Binding to endpoints defined via IConfiguration and/or UseKestrel() instead.
[2025-11-20 04:43:07.175 +01:00 INF] Microsoft.Hosting.Lifetime: Now listening on: http://localhost:9090
[2025-11-20 04:43:07.177 +01:00 INF] Microsoft.Hosting.Lifetime: Now listening on: https://localhost:9443
[2025-11-20 04:43:07.178 +01:00 INF] Microsoft.Hosting.Lifetime: Application started. Press Ctrl+C to shut down.
[2025-11-20 04:43:07.179 +01:00 INF] Microsoft.Hosting.Lifetime: Hosting environment: Development
[2025-11-20 04:43:07.180 +01:00 INF] Microsoft.Hosting.Lifetime: Content root path: C:\Users\BS6655\source\Frontalys\API\Watchtower-WebApi\Presentation\Watchtower.WebApi
[2025-11-20 04:43:07.264 +01:00 INF] Services.HostConfigurationSyncService: Successfully updated 15 existing hosts
[2025-11-20 04:43:07.264 +01:00 INF] Services.ApplicationConfigurationSyncService: Successfully updated 21 existing servers
[2025-11-20 04:43:07.270 +01:00 INF] Services.ApplicationConfigurationSyncService: Application synchronization completed: 21 updated, 0 inserted, 21 total processed
[2025-11-20 04:43:07.270 +01:00 INF] Services.HostConfigurationSyncService: Host synchronization completed: 15 updated, 0 inserted, 15 total processed
[2025-11-20 04:43:07.446 +01:00 INF] Services.WatchtowerBootstrapService: Initial environment sync completed: 21 server(s) updated, 0 server(s) inserted, 15 host(s) updated, 0 host(s) inserted. Total changes: 36
[2025-11-20 04:43:07.447 +01:00 INF] Services.WatchtowerBootstrapService: WatchtowerBootstrapService completed successfully.
[2025-11-20 04:43:25.938 +01:00 INF] Watchtower.WebApi.Middleware.EndpointLoggingMiddleware: HTTP GET /openapi/v1.json => HTTP: GET /openapi/{documentName}.json
[2025-11-20 04:43:26.283 +01:00 INF] Watchtower.WebApi.Middleware.EndpointLoggingMiddleware: HTTP GET /openapi/v1.json => HTTP: GET /openapi/{documentName}.json
[2025-11-20 04:43:43.057 +01:00 INF] Watchtower.WebApi.Middleware.EndpointLoggingMiddleware: HTTP GET /api/servers => HTTP: GET /api/servers/ => GetByQueryParameters
[2025-11-20 04:43:43.092 +01:00 INF] Services.ApplicationsService: Getting servers with query parameters: {"Page":1,"OrderBy":null,"SearchTerm":null,"PageSize":10,"$type":"ApplicationQuery"}
[2025-11-20 04:43:49.410 +01:00 INF] Services.ApplicationsService: Retrieved 10 servers (10 with serverStatus, 0 without serverStatus). Meta data: {"CurrentPage":1,"PageSize":10,"TotalCount":21,"TotalPages":3,"HasPrevious":false,"HasNext":true,"$type":"MetaData"}
[2025-11-20 04:44:06.786 +01:00 WRN] Services.HeartbeatListenerService: Application DTCODEVMCSHGNW;TradeReceptionComparer timed out and marked as Down
[2025-11-20 04:44:06.836 +01:00 WRN] Services.HeartbeatListenerService: Application DTCODEVMCSAZAW;scr timed out and marked as Down
[2025-11-20 04:44:06.859 +01:00 WRN] Services.HeartbeatListenerService: Application DTCODEVMCSHGNW;TrayportEgmMarketData timed out and marked as Down
[2025-11-20 04:44:06.886 +01:00 WRN] Services.HeartbeatListenerService: Application DTCODEVMCSAZAW;scr-prodlike timed out and marked as Down
[2025-11-20 04:44:06.917 +01:00 WRN] Services.HeartbeatListenerService: Application DTCODEVAHAW;TrayportMarketDataEgm timed out and marked as Down
[2025-11-20 04:44:06.941 +01:00 WRN] Services.HeartbeatListenerService: Application AppServices;base timed out and marked as Down
[2025-11-20 04:44:06.964 +01:00 WRN] Services.HeartbeatListenerService: Application DTCODEVMCSAMGW;TradingTechnologiesEgm timed out and marked as Down
[2025-11-20 04:44:07.108 +01:00 WRN] Services.HeartbeatListenerService: Application DTCODEVMCSHGNW;TrayportEgmRecorder timed out and marked as Down
[2025-11-20 04:44:07.132 +01:00 WRN] Services.HeartbeatListenerService: Application mcs-pluto-dev;pluto timed out and marked as Down
[2025-11-20 04:44:07.154 +01:00 WRN] Services.HeartbeatListenerService: Application mcs-authorization-dev;authorization timed out and marked as Down
[2025-11-20 04:44:07.180 +01:00 WRN] Services.HeartbeatListenerService: Application DTCODEVMCSMELW;TrayportMarketDataEgm timed out and marked as Down
[2025-11-20 04:44:07.234 +01:00 WRN] Services.HeartbeatListenerService: Application DTCODEVMCSHGNW;TrayportEgmOrderPassing timed out and marked as Down
[2025-11-20 04:44:07.256 +01:00 WRN] Services.HeartbeatListenerService: Application DTCODEVMCSNB1W;TrayportMarketDataEgm timed out and marked as Down
[2025-11-20 04:44:07.278 +01:00 WRN] Services.HeartbeatListenerService: Application DTCODEVMCSNB3W;TrayportOrderPassingEgm timed out and marked as Down
[2025-11-20 04:44:07.300 +01:00 WRN] Services.HeartbeatListenerService: Application DTCODEVMCSNB1W;Feedchecker-nightly timed out and marked as Down
[2025-11-20 04:44:07.325 +01:00 WRN] Services.HeartbeatListenerService: Application DTCODEVMCSMON1W;WatchtowerAPI timed out and marked as Down
[2025-11-20 04:44:07.347 +01:00 WRN] Services.HeartbeatListenerService: Application mcs-marketdata-dev;marketdata timed out and marked as Down
[2025-11-20 04:44:07.370 +01:00 WRN] Services.HeartbeatListenerService: Application DTCODEVMCSMON1W;WatchtowerWebApi timed out and marked as Down
[2025-11-20 04:44:07.393 +01:00 WRN] Services.HeartbeatListenerService: Application mcs-profiles-dev;profiles timed out and marked as Down
[2025-11-20 04:44:07.420 +01:00 WRN] Services.HeartbeatListenerService: Application mcs-historization-dev;historization timed out and marked as Down
[2025-11-20 04:44:07.447 +01:00 WRN] Services.HeartbeatListenerService: Application DTCODEVMCSNB2W;TrayportRecorderEgm timed out and marked as Down
