[2025-12-05 11:11:47.876 +01:00 INF] Services.HeartbeatListenerService: HeartbeatListenerService starting with 60s timeout
[2025-12-05 11:11:48.459 +01:00 INF] Services.ServersService: Finding servers by condition: _ => True
[2025-12-05 11:12:14.324 +01:00 INF] Services.WatchtowerBootstrapService: WatchtowerBootstrapService is starting.
[2025-12-05 11:12:14.332 +01:00 INF] Services.ServerConfigurationSyncService: Starting server synchronization from flat configuration
[2025-12-05 11:12:14.365 +01:00 INF] Services.JsonFileReader: Reading file from //D12.tes.local/AFS/MCS/DEV/env/config/environment-flat.json
[2025-12-05 11:12:15.298 +01:00 INF] Services.HostConfigurationSyncService: Starting host synchronization from flat configuration
[2025-12-05 11:12:15.299 +01:00 INF] Services.ServersService: Found 22 servers by condition (22 with serverStatus, 0 without serverStatus)
[2025-12-05 11:12:15.302 +01:00 INF] Services.JsonFileReader: Reading file from //D12.tes.local/AFS/MCS/DEV/env/config/environment-flat.json
[2025-12-05 11:12:15.304 +01:00 INF] Services.HeartbeatListenerService: Initializing heartbeat monitoring for 22 servers
[2025-12-05 11:12:15.312 +01:00 INF] Services.HeartbeatListenerService: Started monitoring server DTCODEVAHAW;TrayportMarketDataEgm at "2025-12-05T10:12:15.3097031+00:00" - timeout at "2025-12-05T10:13:15.3097031+00:00"
[2025-12-05 11:12:15.330 +01:00 INF] Services.HeartbeatListenerService: Started monitoring server DTCODEVMCSAMGW;TradingTechnologiesEgm at "2025-12-05T10:12:15.3300320+00:00" - timeout at "2025-12-05T10:13:15.3300320+00:00"
[2025-12-05 11:12:15.333 +01:00 INF] Services.HeartbeatListenerService: Started monitoring server DTCODEVMCSAZAW;scr at "2025-12-05T10:12:15.3337966+00:00" - timeout at "2025-12-05T10:13:15.3337966+00:00"
[2025-12-05 11:12:15.339 +01:00 INF] Services.HeartbeatListenerService: Started monitoring server DTCODEVMCSAZAW;scr-prodlike at "2025-12-05T10:12:15.3392369+00:00" - timeout at "2025-12-05T10:13:15.3392369+00:00"
[2025-12-05 11:12:15.347 +01:00 INF] Services.HeartbeatListenerService: Started monitoring server DTCODEVMCSHGNW;TradeReceptionComparer at "2025-12-05T10:12:15.3476671+00:00" - timeout at "2025-12-05T10:13:15.3476671+00:00"
[2025-12-05 11:12:15.410 +01:00 INF] Services.HeartbeatListenerService: Started monitoring server DTCODEVMCSHGNW;TrayportEgmMarketData at "2025-12-05T10:12:15.4096329+00:00" - timeout at "2025-12-05T10:13:15.4096329+00:00"
[2025-12-05 11:12:15.539 +01:00 INF] Services.HeartbeatListenerService: Started monitoring server DTCODEVMCSHGNW;TrayportEgmOrderPassing at "2025-12-05T10:12:15.5398143+00:00" - timeout at "2025-12-05T10:13:15.5398143+00:00"
[2025-12-05 11:12:15.545 +01:00 INF] Services.HeartbeatListenerService: Started monitoring server DTCODEVMCSHGNW;TrayportEgmRecorder at "2025-12-05T10:12:15.5454327+00:00" - timeout at "2025-12-05T10:13:15.5454327+00:00"
[2025-12-05 11:12:15.593 +01:00 INF] Services.HeartbeatListenerService: Started monitoring server DTCODEVMCSMELW;TrayportMarketDataEgm at "2025-12-05T10:12:15.5932711+00:00" - timeout at "2025-12-05T10:13:15.5932711+00:00"
[2025-12-05 11:12:15.593 +01:00 INF] Services.HostConfigurationSyncService: Hosts to update: 14, hosts to insert: 0
[2025-12-05 11:12:15.597 +01:00 INF] Services.HeartbeatListenerService: Started monitoring server DTCODEVMCSMON1W;WatchtowerAPI at "2025-12-05T10:12:15.5970290+00:00" - timeout at "2025-12-05T10:13:15.5970290+00:00"
[2025-12-05 11:12:15.602 +01:00 INF] Services.ServerConfigurationSyncService: Servers to update: 20, servers to insert: 0
[2025-12-05 11:12:15.604 +01:00 INF] Services.HeartbeatListenerService: Started monitoring server DTCODEVMCSMON1W;WatchtowerWebApi at "2025-12-05T10:12:15.6048206+00:00" - timeout at "2025-12-05T10:13:15.6048206+00:00"
[2025-12-05 11:12:15.611 +01:00 INF] Services.HeartbeatListenerService: Started monitoring server DTCODEVMCSNB1W;Feedchecker-nightly at "2025-12-05T10:12:15.6118759+00:00" - timeout at "2025-12-05T10:13:15.6118759+00:00"
[2025-12-05 11:12:15.654 +01:00 INF] Services.HeartbeatListenerService: Started monitoring server DTCODEVMCSNB1W;TrayportMarketDataEgm at "2025-12-05T10:12:15.6542853+00:00" - timeout at "2025-12-05T10:13:15.6542853+00:00"
[2025-12-05 11:12:15.701 +01:00 INF] Services.HeartbeatListenerService: Started monitoring server DTCODEVMCSNB2W;TrayportRecorderEgm at "2025-12-05T10:12:15.6620687+00:00" - timeout at "2025-12-05T10:13:15.6620687+00:00"
[2025-12-05 11:12:15.704 +01:00 INF] Services.HeartbeatListenerService: Started monitoring server DTCODEVMCSNB3W;TrayportOrderPassingEgm at "2025-12-05T10:12:15.7043691+00:00" - timeout at "2025-12-05T10:13:15.7043691+00:00"
[2025-12-05 11:12:15.707 +01:00 INF] Services.HeartbeatListenerService: Started monitoring server mcs-authorization-dev;authorization at "2025-12-05T10:12:15.7074502+00:00" - timeout at "2025-12-05T10:13:15.7074502+00:00"
[2025-12-05 11:12:15.712 +01:00 INF] Services.HeartbeatListenerService: Started monitoring server mcs-historization-dev;historization at "2025-12-05T10:12:15.7124787+00:00" - timeout at "2025-12-05T10:13:15.7124787+00:00"
[2025-12-05 11:12:15.728 +01:00 INF] Services.HeartbeatListenerService: Started monitoring server mcs-marketdata-dev;marketdata at "2025-12-05T10:12:15.7282463+00:00" - timeout at "2025-12-05T10:13:15.7282463+00:00"
[2025-12-05 11:12:15.731 +01:00 INF] Services.HeartbeatListenerService: Started monitoring server mcs-pluto-dev;pluto at "2025-12-05T10:12:15.7316347+00:00" - timeout at "2025-12-05T10:13:15.7316347+00:00"
[2025-12-05 11:12:15.734 +01:00 INF] Services.HeartbeatListenerService: Started monitoring server mcs-profiles-dev;profiles at "2025-12-05T10:12:15.7347817+00:00" - timeout at "2025-12-05T10:13:15.7347817+00:00"
[2025-12-05 11:12:15.738 +01:00 INF] Services.HeartbeatListenerService: Started monitoring server AppServices;base at "2025-12-05T10:12:15.7384516+00:00" - timeout at "2025-12-05T10:13:15.7384516+00:00"
[2025-12-05 11:12:15.752 +01:00 INF] Services.HeartbeatListenerService: Started monitoring server DTCODEVMCSAMGW;TrayportMarketDataEgm at "2025-12-05T10:12:15.7519585+00:00" - timeout at "2025-12-05T10:13:15.7519585+00:00"
[2025-12-05 11:12:15.821 +01:00 WRN] Microsoft.AspNetCore.Server.Kestrel: Overriding address(es) 'https://localhost:9443, http://localhost:9090'. Binding to endpoints defined via IConfiguration and/or UseKestrel() instead.
[2025-12-05 11:12:15.919 +01:00 INF] Services.HostConfigurationSyncService: Successfully updated 14 existing hosts
[2025-12-05 11:12:15.919 +01:00 INF] Services.ServerConfigurationSyncService: Successfully updated 20 existing servers
[2025-12-05 11:12:15.924 +01:00 INF] Microsoft.Hosting.Lifetime: Now listening on: http://localhost:9090
[2025-12-05 11:12:15.926 +01:00 INF] Services.ServerConfigurationSyncService: Server synchronization completed: 20 updated, 0 inserted, 20 total processed
[2025-12-05 11:12:15.926 +01:00 INF] Services.HostConfigurationSyncService: Host synchronization completed: 14 updated, 0 inserted, 14 total processed
[2025-12-05 11:12:15.927 +01:00 INF] Microsoft.Hosting.Lifetime: Now listening on: https://localhost:9443
[2025-12-05 11:12:15.936 +01:00 INF] Microsoft.Hosting.Lifetime: Application started. Press Ctrl+C to shut down.
[2025-12-05 11:12:15.937 +01:00 INF] Services.WatchtowerBootstrapService: Initial environment sync completed: 20 server(s) updated, 0 server(s) inserted, 14 host(s) updated, 0 host(s) inserted. Total changes: 34
[2025-12-05 11:12:15.937 +01:00 INF] Microsoft.Hosting.Lifetime: Hosting environment: Development
[2025-12-05 11:12:15.942 +01:00 INF] Services.WatchtowerBootstrapService: WatchtowerBootstrapService completed successfully.
[2025-12-05 11:12:15.944 +01:00 INF] Microsoft.Hosting.Lifetime: Content root path: C:\Users\BS6655\source\Frontalys\API\Watchtower-WebApi\Presentation\Watchtower.WebApi
[2025-12-05 11:12:31.695 +01:00 INF] Watchtower.WebApi.Middleware.EndpointLoggingMiddleware: HTTP GET /WatchtowerWebApi/openapi/v1.json => HTTP: GET /WatchtowerWebApi/openapi/v1.json
[2025-12-05 11:13:15.352 +01:00 WRN] Services.HeartbeatListenerService: Server DTCODEVAHAW;TrayportMarketDataEgm timed out and marked as Down
[2025-12-05 11:13:15.380 +01:00 WRN] Services.HeartbeatListenerService: Server DTCODEVMCSAZAW;scr-prodlike timed out and marked as Down
[2025-12-05 11:13:15.406 +01:00 WRN] Services.HeartbeatListenerService: Server DTCODEVMCSHGNW;TradeReceptionComparer timed out and marked as Down
[2025-12-05 11:13:15.433 +01:00 WRN] Services.HeartbeatListenerService: Server DTCODEVMCSAZAW;scr timed out and marked as Down
[2025-12-05 11:13:15.460 +01:00 WRN] Services.HeartbeatListenerService: Server DTCODEVMCSHGNW;TrayportEgmMarketData timed out and marked as Down
[2025-12-05 11:13:15.488 +01:00 WRN] Services.HeartbeatListenerService: Server DTCODEVMCSAMGW;TradingTechnologiesEgm timed out and marked as Down
[2025-12-05 11:13:15.571 +01:00 WRN] Services.HeartbeatListenerService: Server DTCODEVMCSHGNW;TrayportEgmOrderPassing timed out and marked as Down
[2025-12-05 11:13:15.597 +01:00 WRN] Services.HeartbeatListenerService: Server DTCODEVMCSHGNW;TrayportEgmRecorder timed out and marked as Down
[2025-12-05 11:13:15.629 +01:00 WRN] Services.HeartbeatListenerService: Server DTCODEVMCSMELW;TrayportMarketDataEgm timed out and marked as Down
[2025-12-05 11:13:15.715 +01:00 WRN] Services.HeartbeatListenerService: Server DTCODEVMCSNB1W;Feedchecker-nightly timed out and marked as Down
[2025-12-05 11:13:15.743 +01:00 WRN] Services.HeartbeatListenerService: Server DTCODEVMCSNB1W;TrayportMarketDataEgm timed out and marked as Down
[2025-12-05 11:13:15.830 +01:00 WRN] Services.HeartbeatListenerService: Server mcs-profiles-dev;profiles timed out and marked as Down
[2025-12-05 11:13:15.855 +01:00 WRN] Services.HeartbeatListenerService: Server mcs-pluto-dev;pluto timed out and marked as Down
[2025-12-05 11:13:15.882 +01:00 WRN] Services.HeartbeatListenerService: Server DTCODEVMCSNB3W;TrayportOrderPassingEgm timed out and marked as Down
[2025-12-05 11:13:15.911 +01:00 WRN] Services.HeartbeatListenerService: Server DTCODEVMCSNB2W;TrayportRecorderEgm timed out and marked as Down
[2025-12-05 11:13:15.938 +01:00 WRN] Services.HeartbeatListenerService: Server DTCODEVMCSMON1W;WatchtowerWebApi timed out and marked as Down
[2025-12-05 11:13:15.964 +01:00 WRN] Services.HeartbeatListenerService: Server DTCODEVMCSAMGW;TrayportMarketDataEgm timed out and marked as Down
[2025-12-05 11:13:15.989 +01:00 WRN] Services.HeartbeatListenerService: Server mcs-historization-dev;historization timed out and marked as Down
[2025-12-05 11:13:16.015 +01:00 WRN] Services.HeartbeatListenerService: Server mcs-marketdata-dev;marketdata timed out and marked as Down
[2025-12-05 11:13:16.042 +01:00 WRN] Services.HeartbeatListenerService: Server DTCODEVMCSMON1W;WatchtowerAPI timed out and marked as Down
[2025-12-05 11:13:16.069 +01:00 WRN] Services.HeartbeatListenerService: Server mcs-authorization-dev;authorization timed out and marked as Down
[2025-12-05 11:13:16.095 +01:00 WRN] Services.HeartbeatListenerService: Server AppServices;base timed out and marked as Down
[2025-12-05 16:27:35.781 +01:00 INF] Services.HeartbeatListenerService: HeartbeatListenerService starting with 60s timeout
[2025-12-05 16:27:36.116 +01:00 INF] Services.ServersService: Finding servers by condition: _ => True
[2025-12-05 16:27:36.183 +01:00 INF] Services.WatchtowerBootstrapService: WatchtowerBootstrapService is starting.
[2025-12-05 16:27:36.189 +01:00 INF] Services.ServerConfigurationSyncService: Starting server synchronization from flat configuration
[2025-12-05 16:27:36.205 +01:00 INF] Services.JsonFileReader: Reading file from //D12.tes.local/AFS/MCS/DEV/env/config/environment-flat.json
[2025-12-05 16:27:36.844 +01:00 INF] Services.ServersService: Found 22 servers by condition (22 with serverStatus, 0 without serverStatus)
[2025-12-05 16:27:36.848 +01:00 INF] Services.HeartbeatListenerService: Initializing heartbeat monitoring for 22 servers
[2025-12-05 16:27:36.852 +01:00 INF] Services.HeartbeatListenerService: Started monitoring server DTCODEVAHAW;TrayportMarketDataEgm at "2025-12-05T15:27:36.8508110+00:00" - timeout at "2025-12-05T15:28:36.8508110+00:00"
[2025-12-05 16:27:36.857 +01:00 INF] Services.HeartbeatListenerService: Started monitoring server DTCODEVMCSAMGW;TradingTechnologiesEgm at "2025-12-05T15:27:36.8577447+00:00" - timeout at "2025-12-05T15:28:36.8577447+00:00"
[2025-12-05 16:27:36.861 +01:00 INF] Services.HeartbeatListenerService: Started monitoring server DTCODEVMCSAZAW;scr at "2025-12-05T15:27:36.8616081+00:00" - timeout at "2025-12-05T15:28:36.8616081+00:00"
[2025-12-05 16:27:36.864 +01:00 INF] Services.HeartbeatListenerService: Started monitoring server DTCODEVMCSAZAW;scr-prodlike at "2025-12-05T15:27:36.8648447+00:00" - timeout at "2025-12-05T15:28:36.8648447+00:00"
[2025-12-05 16:27:36.868 +01:00 INF] Services.HeartbeatListenerService: Started monitoring server DTCODEVMCSHGNW;TradeReceptionComparer at "2025-12-05T15:27:36.8682669+00:00" - timeout at "2025-12-05T15:28:36.8682669+00:00"
[2025-12-05 16:27:36.871 +01:00 INF] Services.HeartbeatListenerService: Started monitoring server DTCODEVMCSHGNW;TrayportEgmMarketData at "2025-12-05T15:27:36.8718440+00:00" - timeout at "2025-12-05T15:28:36.8718440+00:00"
[2025-12-05 16:27:36.874 +01:00 INF] Services.HeartbeatListenerService: Started monitoring server DTCODEVMCSHGNW;TrayportEgmOrderPassing at "2025-12-05T15:27:36.8748939+00:00" - timeout at "2025-12-05T15:28:36.8748939+00:00"
[2025-12-05 16:27:36.877 +01:00 INF] Services.HeartbeatListenerService: Started monitoring server DTCODEVMCSHGNW;TrayportEgmRecorder at "2025-12-05T15:27:36.8778709+00:00" - timeout at "2025-12-05T15:28:36.8778709+00:00"
[2025-12-05 16:27:36.881 +01:00 INF] Services.HeartbeatListenerService: Started monitoring server DTCODEVMCSMELW;TrayportMarketDataEgm at "2025-12-05T15:27:36.8810566+00:00" - timeout at "2025-12-05T15:28:36.8810566+00:00"
[2025-12-05 16:27:36.884 +01:00 INF] Services.HeartbeatListenerService: Started monitoring server DTCODEVMCSMON1W;WatchtowerAPI at "2025-12-05T15:27:36.8841930+00:00" - timeout at "2025-12-05T15:28:36.8841930+00:00"
[2025-12-05 16:27:36.889 +01:00 INF] Services.HeartbeatListenerService: Started monitoring server DTCODEVMCSMON1W;WatchtowerWebApi at "2025-12-05T15:27:36.8892437+00:00" - timeout at "2025-12-05T15:28:36.8892437+00:00"
[2025-12-05 16:27:36.893 +01:00 INF] Services.HeartbeatListenerService: Started monitoring server DTCODEVMCSNB1W;Feedchecker-nightly at "2025-12-05T15:27:36.8930964+00:00" - timeout at "2025-12-05T15:28:36.8930964+00:00"
[2025-12-05 16:27:36.897 +01:00 INF] Services.HeartbeatListenerService: Started monitoring server DTCODEVMCSNB1W;TrayportMarketDataEgm at "2025-12-05T15:27:36.8976568+00:00" - timeout at "2025-12-05T15:28:36.8976568+00:00"
[2025-12-05 16:27:36.900 +01:00 INF] Services.HeartbeatListenerService: Started monitoring server DTCODEVMCSNB2W;TrayportRecorderEgm at "2025-12-05T15:27:36.9008493+00:00" - timeout at "2025-12-05T15:28:36.9008493+00:00"
[2025-12-05 16:27:36.905 +01:00 INF] Services.HeartbeatListenerService: Started monitoring server DTCODEVMCSNB3W;TrayportOrderPassingEgm at "2025-12-05T15:27:36.9052136+00:00" - timeout at "2025-12-05T15:28:36.9052136+00:00"
[2025-12-05 16:27:36.909 +01:00 INF] Services.HeartbeatListenerService: Started monitoring server mcs-authorization-dev;authorization at "2025-12-05T15:27:36.9089788+00:00" - timeout at "2025-12-05T15:28:36.9089788+00:00"
[2025-12-05 16:27:36.912 +01:00 INF] Services.HeartbeatListenerService: Started monitoring server mcs-historization-dev;historization at "2025-12-05T15:27:36.9124968+00:00" - timeout at "2025-12-05T15:28:36.9124968+00:00"
[2025-12-05 16:27:36.916 +01:00 INF] Services.HeartbeatListenerService: Started monitoring server mcs-marketdata-dev;marketdata at "2025-12-05T15:27:36.9163632+00:00" - timeout at "2025-12-05T15:28:36.9163632+00:00"
[2025-12-05 16:27:36.920 +01:00 INF] Services.HeartbeatListenerService: Started monitoring server mcs-pluto-dev;pluto at "2025-12-05T15:27:36.9205179+00:00" - timeout at "2025-12-05T15:28:36.9205179+00:00"
[2025-12-05 16:27:36.924 +01:00 INF] Services.HeartbeatListenerService: Started monitoring server mcs-profiles-dev;profiles at "2025-12-05T15:27:36.9241882+00:00" - timeout at "2025-12-05T15:28:36.9241882+00:00"
[2025-12-05 16:27:36.928 +01:00 INF] Services.HeartbeatListenerService: Started monitoring server AppServices;base at "2025-12-05T15:27:36.9282972+00:00" - timeout at "2025-12-05T15:28:36.9282972+00:00"
[2025-12-05 16:27:36.932 +01:00 INF] Services.HeartbeatListenerService: Started monitoring server DTCODEVMCSAMGW;TrayportMarketDataEgm at "2025-12-05T15:27:36.9323162+00:00" - timeout at "2025-12-05T15:28:36.9323162+00:00"
[2025-12-05 16:27:38.572 +01:00 INF] Services.HostConfigurationSyncService: Starting host synchronization from flat configuration
[2025-12-05 16:27:38.576 +01:00 INF] Services.JsonFileReader: Reading file from //D12.tes.local/AFS/MCS/DEV/env/config/environment-flat.json
[2025-12-05 16:27:38.689 +01:00 INF] Services.ServerConfigurationSyncService: Servers to update: 20, servers to insert: 0
[2025-12-05 16:27:38.705 +01:00 WRN] Microsoft.AspNetCore.Server.Kestrel: Overriding address(es) 'https://localhost:9443, http://localhost:9090'. Binding to endpoints defined via IConfiguration and/or UseKestrel() instead.
[2025-12-05 16:27:38.713 +01:00 INF] Services.HostConfigurationSyncService: Hosts to update: 14, hosts to insert: 0
[2025-12-05 16:27:38.777 +01:00 INF] Microsoft.Hosting.Lifetime: Now listening on: http://localhost:9090
[2025-12-05 16:27:38.779 +01:00 INF] Microsoft.Hosting.Lifetime: Now listening on: https://localhost:9443
[2025-12-05 16:27:38.780 +01:00 INF] Microsoft.Hosting.Lifetime: Application started. Press Ctrl+C to shut down.
[2025-12-05 16:27:38.781 +01:00 INF] Microsoft.Hosting.Lifetime: Hosting environment: Development
[2025-12-05 16:27:38.783 +01:00 INF] Microsoft.Hosting.Lifetime: Content root path: C:\Users\BS6655\source\Frontalys\API\Watchtower-WebApi\Presentation\Watchtower.WebApi
[2025-12-05 16:27:38.830 +01:00 INF] Services.ServerConfigurationSyncService: Successfully updated 20 existing servers
[2025-12-05 16:27:38.836 +01:00 INF] Services.ServerConfigurationSyncService: Server synchronization completed: 20 updated, 0 inserted, 20 total processed
[2025-12-05 16:27:38.855 +01:00 INF] Services.HostConfigurationSyncService: Successfully updated 14 existing hosts
[2025-12-05 16:27:38.858 +01:00 INF] Services.HostConfigurationSyncService: Host synchronization completed: 14 updated, 0 inserted, 14 total processed
[2025-12-05 16:27:38.863 +01:00 INF] Services.WatchtowerBootstrapService: Initial environment sync completed: 20 server(s) updated, 0 server(s) inserted, 14 host(s) updated, 0 host(s) inserted. Total changes: 34
[2025-12-05 16:27:38.868 +01:00 INF] Services.WatchtowerBootstrapService: WatchtowerBootstrapService completed successfully.
[2025-12-05 16:27:39.153 +01:00 INF] Microsoft.Hosting.Lifetime: Application is shutting down...
[2025-12-05 16:35:45.209 +01:00 INF] Services.HeartbeatListenerService: HeartbeatListenerService starting with 60s timeout
[2025-12-05 16:35:45.544 +01:00 INF] Services.ServersService: Finding servers by condition: _ => True
[2025-12-05 16:35:45.609 +01:00 INF] Services.WatchtowerBootstrapService: WatchtowerBootstrapService is starting.
[2025-12-05 16:35:45.615 +01:00 INF] Services.ServerConfigurationSyncService: Starting server synchronization from flat configuration
[2025-12-05 16:35:45.630 +01:00 INF] Services.JsonFileReader: Reading file from //D12.tes.local/AFS/MCS/DEV/env/config/environment-flat.json
[2025-12-05 16:35:46.196 +01:00 INF] Services.ServersService: Found 22 servers by condition (22 with serverStatus, 0 without serverStatus)
[2025-12-05 16:35:46.201 +01:00 INF] Services.HeartbeatListenerService: Initializing heartbeat monitoring for 22 servers
[2025-12-05 16:35:46.205 +01:00 INF] Services.HeartbeatListenerService: Started monitoring server DTCODEVAHAW;TrayportMarketDataEgm at "2025-12-05T15:35:46.2037074+00:00" - timeout at "2025-12-05T15:36:46.2037074+00:00"
[2025-12-05 16:35:46.209 +01:00 INF] Services.HeartbeatListenerService: Started monitoring server DTCODEVMCSAMGW;TradingTechnologiesEgm at "2025-12-05T15:35:46.2095091+00:00" - timeout at "2025-12-05T15:36:46.2095091+00:00"
[2025-12-05 16:35:46.212 +01:00 INF] Services.HeartbeatListenerService: Started monitoring server DTCODEVMCSAZAW;scr at "2025-12-05T15:35:46.2129162+00:00" - timeout at "2025-12-05T15:36:46.2129162+00:00"
[2025-12-05 16:35:46.215 +01:00 INF] Services.HeartbeatListenerService: Started monitoring server DTCODEVMCSAZAW;scr-prodlike at "2025-12-05T15:35:46.2157324+00:00" - timeout at "2025-12-05T15:36:46.2157324+00:00"
[2025-12-05 16:35:46.218 +01:00 INF] Services.HeartbeatListenerService: Started monitoring server DTCODEVMCSHGNW;TradeReceptionComparer at "2025-12-05T15:35:46.2185130+00:00" - timeout at "2025-12-05T15:36:46.2185130+00:00"
[2025-12-05 16:35:46.222 +01:00 INF] Services.HeartbeatListenerService: Started monitoring server DTCODEVMCSHGNW;TrayportEgmMarketData at "2025-12-05T15:35:46.2225303+00:00" - timeout at "2025-12-05T15:36:46.2225303+00:00"
[2025-12-05 16:35:46.225 +01:00 INF] Services.HeartbeatListenerService: Started monitoring server DTCODEVMCSHGNW;TrayportEgmOrderPassing at "2025-12-05T15:35:46.2252354+00:00" - timeout at "2025-12-05T15:36:46.2252354+00:00"
[2025-12-05 16:35:46.227 +01:00 INF] Services.HeartbeatListenerService: Started monitoring server DTCODEVMCSHGNW;TrayportEgmRecorder at "2025-12-05T15:35:46.2278079+00:00" - timeout at "2025-12-05T15:36:46.2278079+00:00"
[2025-12-05 16:35:46.231 +01:00 INF] Services.HeartbeatListenerService: Started monitoring server DTCODEVMCSMELW;TrayportMarketDataEgm at "2025-12-05T15:35:46.2309634+00:00" - timeout at "2025-12-05T15:36:46.2309634+00:00"
[2025-12-05 16:35:46.234 +01:00 INF] Services.HeartbeatListenerService: Started monitoring server DTCODEVMCSMON1W;WatchtowerAPI at "2025-12-05T15:35:46.2343088+00:00" - timeout at "2025-12-05T15:36:46.2343088+00:00"
[2025-12-05 16:35:46.238 +01:00 INF] Services.HeartbeatListenerService: Started monitoring server DTCODEVMCSMON1W;WatchtowerWebApi at "2025-12-05T15:35:46.2386957+00:00" - timeout at "2025-12-05T15:36:46.2386957+00:00"
[2025-12-05 16:35:46.242 +01:00 INF] Services.HeartbeatListenerService: Started monitoring server DTCODEVMCSNB1W;Feedchecker-nightly at "2025-12-05T15:35:46.2419875+00:00" - timeout at "2025-12-05T15:36:46.2419875+00:00"
[2025-12-05 16:35:46.245 +01:00 INF] Services.HeartbeatListenerService: Started monitoring server DTCODEVMCSNB1W;TrayportMarketDataEgm at "2025-12-05T15:35:46.2449471+00:00" - timeout at "2025-12-05T15:36:46.2449471+00:00"
[2025-12-05 16:35:46.247 +01:00 INF] Services.HeartbeatListenerService: Started monitoring server DTCODEVMCSNB2W;TrayportRecorderEgm at "2025-12-05T15:35:46.2474292+00:00" - timeout at "2025-12-05T15:36:46.2474292+00:00"
[2025-12-05 16:35:46.250 +01:00 INF] Services.HeartbeatListenerService: Started monitoring server DTCODEVMCSNB3W;TrayportOrderPassingEgm at "2025-12-05T15:35:46.2502927+00:00" - timeout at "2025-12-05T15:36:46.2502927+00:00"
[2025-12-05 16:35:46.253 +01:00 INF] Services.HeartbeatListenerService: Started monitoring server mcs-authorization-dev;authorization at "2025-12-05T15:35:46.2535277+00:00" - timeout at "2025-12-05T15:36:46.2535277+00:00"
[2025-12-05 16:35:46.255 +01:00 INF] Services.HeartbeatListenerService: Started monitoring server mcs-historization-dev;historization at "2025-12-05T15:35:46.2558935+00:00" - timeout at "2025-12-05T15:36:46.2558935+00:00"
[2025-12-05 16:35:46.258 +01:00 INF] Services.HeartbeatListenerService: Started monitoring server mcs-marketdata-dev;marketdata at "2025-12-05T15:35:46.2580480+00:00" - timeout at "2025-12-05T15:36:46.2580480+00:00"
[2025-12-05 16:35:46.260 +01:00 INF] Services.HeartbeatListenerService: Started monitoring server mcs-pluto-dev;pluto at "2025-12-05T15:35:46.2606924+00:00" - timeout at "2025-12-05T15:36:46.2606924+00:00"
[2025-12-05 16:35:46.264 +01:00 INF] Services.HeartbeatListenerService: Started monitoring server mcs-profiles-dev;profiles at "2025-12-05T15:35:46.2640856+00:00" - timeout at "2025-12-05T15:36:46.2640856+00:00"
[2025-12-05 16:35:46.267 +01:00 INF] Services.HeartbeatListenerService: Started monitoring server AppServices;base at "2025-12-05T15:35:46.2674229+00:00" - timeout at "2025-12-05T15:36:46.2674229+00:00"
[2025-12-05 16:35:46.271 +01:00 INF] Services.HeartbeatListenerService: Started monitoring server DTCODEVMCSAMGW;TrayportMarketDataEgm at "2025-12-05T15:35:46.2713642+00:00" - timeout at "2025-12-05T15:36:46.2713642+00:00"
[2025-12-05 16:35:47.318 +01:00 INF] Services.HostConfigurationSyncService: Starting host synchronization from flat configuration
[2025-12-05 16:35:47.320 +01:00 INF] Services.JsonFileReader: Reading file from //D12.tes.local/AFS/MCS/DEV/env/config/environment-flat.json
[2025-12-05 16:35:47.439 +01:00 WRN] Microsoft.AspNetCore.Server.Kestrel: Overriding address(es) 'https://localhost:9443, http://localhost:9090'. Binding to endpoints defined via IConfiguration and/or UseKestrel() instead.
[2025-12-05 16:35:47.478 +01:00 INF] Services.HostConfigurationSyncService: Hosts to update: 15, hosts to insert: 0
[2025-12-05 16:35:47.499 +01:00 INF] Microsoft.Hosting.Lifetime: Now listening on: http://localhost:9090
[2025-12-05 16:35:47.501 +01:00 INF] Microsoft.Hosting.Lifetime: Now listening on: https://localhost:9443
[2025-12-05 16:35:47.504 +01:00 INF] Microsoft.Hosting.Lifetime: Application started. Press Ctrl+C to shut down.
[2025-12-05 16:35:47.505 +01:00 INF] Microsoft.Hosting.Lifetime: Hosting environment: Development
[2025-12-05 16:35:47.507 +01:00 INF] Microsoft.Hosting.Lifetime: Content root path: C:\Users\BS6655\source\Frontalys\API\Watchtower-WebApi\Presentation\Watchtower.WebApi
[2025-12-05 16:35:47.508 +01:00 INF] Services.ServerConfigurationSyncService: Servers to update: 21, servers to insert: 0
[2025-12-05 16:35:47.615 +01:00 INF] Services.HostConfigurationSyncService: Successfully updated 15 existing hosts
[2025-12-05 16:35:47.622 +01:00 INF] Services.HostConfigurationSyncService: Host synchronization completed: 15 updated, 0 inserted, 15 total processed
[2025-12-05 16:35:47.641 +01:00 INF] Services.ServerConfigurationSyncService: Successfully updated 21 existing servers
[2025-12-05 16:35:47.646 +01:00 INF] Services.ServerConfigurationSyncService: Server synchronization completed: 21 updated, 0 inserted, 21 total processed
[2025-12-05 16:35:47.653 +01:00 INF] Services.WatchtowerBootstrapService: Initial environment sync completed: 21 server(s) updated, 0 server(s) inserted, 15 host(s) updated, 0 host(s) inserted. Total changes: 36
[2025-12-05 16:35:47.659 +01:00 INF] Services.WatchtowerBootstrapService: WatchtowerBootstrapService completed successfully.
[2025-12-05 16:35:48.331 +01:00 INF] Watchtower.WebApi.Middleware.EndpointLoggingMiddleware: HTTP GET /WatchtowerWebApi/openapi/v1.json => HTTP: GET /WatchtowerWebApi/openapi/v1.json
[2025-12-05 16:35:59.276 +01:00 INF] Microsoft.Hosting.Lifetime: Application is shutting down...
